CRITICAL - 2025-05-29 00:01:09 --> CodeIgniter\View\Exceptions\ViewException: Invalid file: "front/quines_somos.php"
[Method: GET, Route: quienes_somos]
in SYSTEMPATH\Exceptions\FrameworkException.php on line 39.
 1 SYSTEMPATH\View\View.php(212): CodeIgniter\Exceptions\FrameworkException::forInvalidFile('front/quines_somos.php')
 2 SYSTEMPATH\Common.php(1173): CodeIgniter\View\View->render('front/quines_somos', [], true)
 3 APPPATH\Controllers\Home.php(20): view('front/quines_somos')
 4 SYSTEMPATH\CodeIgniter.php(933): App\Controllers\Home->quienes_somos()
 5 SYSTEMPATH\CodeIgniter.php(507): CodeIgniter\CodeIgniter->runController(Object(App\Controllers\Home))
 6 SYSTEMPATH\CodeIgniter.php(354): CodeIgniter\CodeIgniter->handleRequest(null, Object(Config\Cache), false)
 7 SYSTEMPATH\Boot.php(334): CodeIgniter\CodeIgniter->run()
 8 SYSTEMPATH\Boot.php(67): CodeIgniter\Boot::runCodeIgniter(Object(CodeIgniter\CodeIgniter))
 9 FCPATH\index.php(59): CodeIgniter\Boot::bootWeb(Object(Config\Paths))
CRITICAL - 2025-05-29 00:02:31 --> CodeIgniter\View\Exceptions\ViewException: Invalid file: "front/quines_somos.php"
[Method: GET, Route: quienes_somos]
in SYSTEMPATH\Exceptions\FrameworkException.php on line 39.
 1 SYSTEMPATH\View\View.php(212): CodeIgniter\Exceptions\FrameworkException::forInvalidFile('front/quines_somos.php')
 2 SYSTEMPATH\Common.php(1173): CodeIgniter\View\View->render('front/quines_somos', [], true)
 3 APPPATH\Controllers\Home.php(20): view('front/quines_somos')
 4 SYSTEMPATH\CodeIgniter.php(933): App\Controllers\Home->quienes_somos()
 5 SYSTEMPATH\CodeIgniter.php(507): CodeIgniter\CodeIgniter->runController(Object(App\Controllers\Home))
 6 SYSTEMPATH\CodeIgniter.php(354): CodeIgniter\CodeIgniter->handleRequest(null, Object(Config\Cache), false)
 7 SYSTEMPATH\Boot.php(334): CodeIgniter\CodeIgniter->run()
 8 SYSTEMPATH\Boot.php(67): CodeIgniter\Boot::runCodeIgniter(Object(CodeIgniter\CodeIgniter))
 9 FCPATH\index.php(59): CodeIgniter\Boot::bootWeb(Object(Config\Paths))
CRITICAL - 2025-05-29 00:04:02 --> CodeIgniter\View\Exceptions\ViewException: Invalid file: "front/quines_somos.php"
[Method: GET, Route: quienes_somos]
in SYSTEMPATH\Exceptions\FrameworkException.php on line 39.
 1 SYSTEMPATH\View\View.php(212): CodeIgniter\Exceptions\FrameworkException::forInvalidFile('front/quines_somos.php')
 2 SYSTEMPATH\Common.php(1173): CodeIgniter\View\View->render('front/quines_somos', [], true)
 3 APPPATH\Controllers\Home.php(20): view('front/quines_somos')
 4 SYSTEMPATH\CodeIgniter.php(933): App\Controllers\Home->quienes_somos()
 5 SYSTEMPATH\CodeIgniter.php(507): CodeIgniter\CodeIgniter->runController(Object(App\Controllers\Home))
 6 SYSTEMPATH\CodeIgniter.php(354): CodeIgniter\CodeIgniter->handleRequest(null, Object(Config\Cache), false)
 7 SYSTEMPATH\Boot.php(334): CodeIgniter\CodeIgniter->run()
 8 SYSTEMPATH\Boot.php(67): CodeIgniter\Boot::runCodeIgniter(Object(CodeIgniter\CodeIgniter))
 9 FCPATH\index.php(59): CodeIgniter\Boot::bootWeb(Object(Config\Paths))
CRITICAL - 2025-05-29 00:05:03 --> CodeIgniter\View\Exceptions\ViewException: Invalid file: "front/quines_somos.php"
[Method: GET, Route: quienes_somos]
in SYSTEMPATH\Exceptions\FrameworkException.php on line 39.
 1 SYSTEMPATH\View\View.php(212): CodeIgniter\Exceptions\FrameworkException::forInvalidFile('front/quines_somos.php')
 2 SYSTEMPATH\Common.php(1173): CodeIgniter\View\View->render('front/quines_somos', [], true)
 3 APPPATH\Controllers\Home.php(20): view('front/quines_somos')
 4 SYSTEMPATH\CodeIgniter.php(933): App\Controllers\Home->quienes_somos()
 5 SYSTEMPATH\CodeIgniter.php(507): CodeIgniter\CodeIgniter->runController(Object(App\Controllers\Home))
 6 SYSTEMPATH\CodeIgniter.php(354): CodeIgniter\CodeIgniter->handleRequest(null, Object(Config\Cache), false)
 7 SYSTEMPATH\Boot.php(334): CodeIgniter\CodeIgniter->run()
 8 SYSTEMPATH\Boot.php(67): CodeIgniter\Boot::runCodeIgniter(Object(CodeIgniter\CodeIgniter))
 9 FCPATH\index.php(59): CodeIgniter\Boot::bootWeb(Object(Config\Paths))
CRITICAL - 2025-05-29 00:05:06 --> CodeIgniter\View\Exceptions\ViewException: Invalid file: "front/quines_somos.php"
[Method: GET, Route: quienes_somos]
in SYSTEMPATH\Exceptions\FrameworkException.php on line 39.
 1 SYSTEMPATH\View\View.php(212): CodeIgniter\Exceptions\FrameworkException::forInvalidFile('front/quines_somos.php')
 2 SYSTEMPATH\Common.php(1173): CodeIgniter\View\View->render('front/quines_somos', [], true)
 3 APPPATH\Controllers\Home.php(20): view('front/quines_somos')
 4 SYSTEMPATH\CodeIgniter.php(933): App\Controllers\Home->quienes_somos()
 5 SYSTEMPATH\CodeIgniter.php(507): CodeIgniter\CodeIgniter->runController(Object(App\Controllers\Home))
 6 SYSTEMPATH\CodeIgniter.php(354): CodeIgniter\CodeIgniter->handleRequest(null, Object(Config\Cache), false)
 7 SYSTEMPATH\Boot.php(334): CodeIgniter\CodeIgniter->run()
 8 SYSTEMPATH\Boot.php(67): CodeIgniter\Boot::runCodeIgniter(Object(CodeIgniter\CodeIgniter))
 9 FCPATH\index.php(59): CodeIgniter\Boot::bootWeb(Object(Config\Paths))
CRITICAL - 2025-05-29 00:05:20 --> CodeIgniter\View\Exceptions\ViewException: Invalid file: "front/quines_somos.php"
[Method: GET, Route: quienes_somos]
in SYSTEMPATH\Exceptions\FrameworkException.php on line 39.
 1 SYSTEMPATH\View\View.php(212): CodeIgniter\Exceptions\FrameworkException::forInvalidFile('front/quines_somos.php')
 2 SYSTEMPATH\Common.php(1173): CodeIgniter\View\View->render('front/quines_somos', [], true)
 3 APPPATH\Controllers\Home.php(20): view('front/quines_somos')
 4 SYSTEMPATH\CodeIgniter.php(933): App\Controllers\Home->quienes_somos()
 5 SYSTEMPATH\CodeIgniter.php(507): CodeIgniter\CodeIgniter->runController(Object(App\Controllers\Home))
 6 SYSTEMPATH\CodeIgniter.php(354): CodeIgniter\CodeIgniter->handleRequest(null, Object(Config\Cache), false)
 7 SYSTEMPATH\Boot.php(334): CodeIgniter\CodeIgniter->run()
 8 SYSTEMPATH\Boot.php(67): CodeIgniter\Boot::runCodeIgniter(Object(CodeIgniter\CodeIgniter))
 9 FCPATH\index.php(59): CodeIgniter\Boot::bootWeb(Object(Config\Paths))
CRITICAL - 2025-05-29 00:08:25 --> CodeIgniter\View\Exceptions\ViewException: Invalid file: "front/quines_somos.php"
[Method: GET, Route: quienes_somos]
in SYSTEMPATH\Exceptions\FrameworkException.php on line 39.
 1 SYSTEMPATH\View\View.php(212): CodeIgniter\Exceptions\FrameworkException::forInvalidFile('front/quines_somos.php')
 2 SYSTEMPATH\Common.php(1173): CodeIgniter\View\View->render('front/quines_somos', [], true)
 3 APPPATH\Controllers\Home.php(20): view('front/quines_somos')
 4 SYSTEMPATH\CodeIgniter.php(933): App\Controllers\Home->quienes_somos()
 5 SYSTEMPATH\CodeIgniter.php(507): CodeIgniter\CodeIgniter->runController(Object(App\Controllers\Home))
 6 SYSTEMPATH\CodeIgniter.php(354): CodeIgniter\CodeIgniter->handleRequest(null, Object(Config\Cache), false)
 7 SYSTEMPATH\Boot.php(334): CodeIgniter\CodeIgniter->run()
 8 SYSTEMPATH\Boot.php(67): CodeIgniter\Boot::runCodeIgniter(Object(CodeIgniter\CodeIgniter))
 9 FCPATH\index.php(59): CodeIgniter\Boot::bootWeb(Object(Config\Paths))
CRITICAL - 2025-05-29 00:08:30 --> CodeIgniter\View\Exceptions\ViewException: Invalid file: "front/quines_somos.php"
[Method: GET, Route: quienes_somos]
in SYSTEMPATH\Exceptions\FrameworkException.php on line 39.
 1 SYSTEMPATH\View\View.php(212): CodeIgniter\Exceptions\FrameworkException::forInvalidFile('front/quines_somos.php')
 2 SYSTEMPATH\Common.php(1173): CodeIgniter\View\View->render('front/quines_somos', [], true)
 3 APPPATH\Controllers\Home.php(20): view('front/quines_somos')
 4 SYSTEMPATH\CodeIgniter.php(933): App\Controllers\Home->quienes_somos()
 5 SYSTEMPATH\CodeIgniter.php(507): CodeIgniter\CodeIgniter->runController(Object(App\Controllers\Home))
 6 SYSTEMPATH\CodeIgniter.php(354): CodeIgniter\CodeIgniter->handleRequest(null, Object(Config\Cache), false)
 7 SYSTEMPATH\Boot.php(334): CodeIgniter\CodeIgniter->run()
 8 SYSTEMPATH\Boot.php(67): CodeIgniter\Boot::runCodeIgniter(Object(CodeIgniter\CodeIgniter))
 9 FCPATH\index.php(59): CodeIgniter\Boot::bootWeb(Object(Config\Paths))
CRITICAL - 2025-05-29 00:08:53 --> CodeIgniter\View\Exceptions\ViewException: Invalid file: "front/quines_somos.php"
[Method: GET, Route: quienes_somos]
in SYSTEMPATH\Exceptions\FrameworkException.php on line 39.
 1 SYSTEMPATH\View\View.php(212): CodeIgniter\Exceptions\FrameworkException::forInvalidFile('front/quines_somos.php')
 2 SYSTEMPATH\Common.php(1173): CodeIgniter\View\View->render('front/quines_somos', [], true)
 3 APPPATH\Controllers\Home.php(20): view('front/quines_somos')
 4 SYSTEMPATH\CodeIgniter.php(933): App\Controllers\Home->quienes_somos()
 5 SYSTEMPATH\CodeIgniter.php(507): CodeIgniter\CodeIgniter->runController(Object(App\Controllers\Home))
 6 SYSTEMPATH\CodeIgniter.php(354): CodeIgniter\CodeIgniter->handleRequest(null, Object(Config\Cache), false)
 7 SYSTEMPATH\Boot.php(334): CodeIgniter\CodeIgniter->run()
 8 SYSTEMPATH\Boot.php(67): CodeIgniter\Boot::runCodeIgniter(Object(CodeIgniter\CodeIgniter))
 9 FCPATH\index.php(59): CodeIgniter\Boot::bootWeb(Object(Config\Paths))
CRITICAL - 2025-05-29 00:09:40 --> CodeIgniter\View\Exceptions\ViewException: Invalid file: "front/quines_somos.php"
[Method: GET, Route: quienes_somos]
in SYSTEMPATH\Exceptions\FrameworkException.php on line 39.
 1 SYSTEMPATH\View\View.php(212): CodeIgniter\Exceptions\FrameworkException::forInvalidFile('front/quines_somos.php')
 2 SYSTEMPATH\Common.php(1173): CodeIgniter\View\View->render('front/quines_somos', [], true)
 3 APPPATH\Controllers\Home.php(20): view('front/quines_somos')
 4 SYSTEMPATH\CodeIgniter.php(933): App\Controllers\Home->quienes_somos()
 5 SYSTEMPATH\CodeIgniter.php(507): CodeIgniter\CodeIgniter->runController(Object(App\Controllers\Home))
 6 SYSTEMPATH\CodeIgniter.php(354): CodeIgniter\CodeIgniter->handleRequest(null, Object(Config\Cache), false)
 7 SYSTEMPATH\Boot.php(334): CodeIgniter\CodeIgniter->run()
 8 SYSTEMPATH\Boot.php(67): CodeIgniter\Boot::runCodeIgniter(Object(CodeIgniter\CodeIgniter))
 9 FCPATH\index.php(59): CodeIgniter\Boot::bootWeb(Object(Config\Paths))
CRITICAL - 2025-05-29 00:09:44 --> CodeIgniter\View\Exceptions\ViewException: Invalid file: "front/quines_somos.php"
[Method: GET, Route: quienes_somos]
in SYSTEMPATH\Exceptions\FrameworkException.php on line 39.
 1 SYSTEMPATH\View\View.php(212): CodeIgniter\Exceptions\FrameworkException::forInvalidFile('front/quines_somos.php')
 2 SYSTEMPATH\Common.php(1173): CodeIgniter\View\View->render('front/quines_somos', [], true)
 3 APPPATH\Controllers\Home.php(20): view('front/quines_somos')
 4 SYSTEMPATH\CodeIgniter.php(933): App\Controllers\Home->quienes_somos()
 5 SYSTEMPATH\CodeIgniter.php(507): CodeIgniter\CodeIgniter->runController(Object(App\Controllers\Home))
 6 SYSTEMPATH\CodeIgniter.php(354): CodeIgniter\CodeIgniter->handleRequest(null, Object(Config\Cache), false)
 7 SYSTEMPATH\Boot.php(334): CodeIgniter\CodeIgniter->run()
 8 SYSTEMPATH\Boot.php(67): CodeIgniter\Boot::runCodeIgniter(Object(CodeIgniter\CodeIgniter))
 9 FCPATH\index.php(59): CodeIgniter\Boot::bootWeb(Object(Config\Paths))
CRITICAL - 2025-05-29 00:09:52 --> CodeIgniter\View\Exceptions\ViewException: Invalid file: "front/quines_somos.php"
[Method: GET, Route: quienes_somos]
in SYSTEMPATH\Exceptions\FrameworkException.php on line 39.
 1 SYSTEMPATH\View\View.php(212): CodeIgniter\Exceptions\FrameworkException::forInvalidFile('front/quines_somos.php')
 2 SYSTEMPATH\Common.php(1173): CodeIgniter\View\View->render('front/quines_somos', [], true)
 3 APPPATH\Controllers\Home.php(20): view('front/quines_somos')
 4 SYSTEMPATH\CodeIgniter.php(933): App\Controllers\Home->quienes_somos()
 5 SYSTEMPATH\CodeIgniter.php(507): CodeIgniter\CodeIgniter->runController(Object(App\Controllers\Home))
 6 SYSTEMPATH\CodeIgniter.php(354): CodeIgniter\CodeIgniter->handleRequest(null, Object(Config\Cache), false)
 7 SYSTEMPATH\Boot.php(334): CodeIgniter\CodeIgniter->run()
 8 SYSTEMPATH\Boot.php(67): CodeIgniter\Boot::runCodeIgniter(Object(CodeIgniter\CodeIgniter))
 9 FCPATH\index.php(59): CodeIgniter\Boot::bootWeb(Object(Config\Paths))
CRITICAL - 2025-05-29 00:09:56 --> CodeIgniter\View\Exceptions\ViewException: Invalid file: "front/quines_somos.php"
[Method: GET, Route: quienes_somos]
in SYSTEMPATH\Exceptions\FrameworkException.php on line 39.
 1 SYSTEMPATH\View\View.php(212): CodeIgniter\Exceptions\FrameworkException::forInvalidFile('front/quines_somos.php')
 2 SYSTEMPATH\Common.php(1173): CodeIgniter\View\View->render('front/quines_somos', [], true)
 3 APPPATH\Controllers\Home.php(20): view('front/quines_somos')
 4 SYSTEMPATH\CodeIgniter.php(933): App\Controllers\Home->quienes_somos()
 5 SYSTEMPATH\CodeIgniter.php(507): CodeIgniter\CodeIgniter->runController(Object(App\Controllers\Home))
 6 SYSTEMPATH\CodeIgniter.php(354): CodeIgniter\CodeIgniter->handleRequest(null, Object(Config\Cache), false)
 7 SYSTEMPATH\Boot.php(334): CodeIgniter\CodeIgniter->run()
 8 SYSTEMPATH\Boot.php(67): CodeIgniter\Boot::runCodeIgniter(Object(CodeIgniter\CodeIgniter))
 9 FCPATH\index.php(59): CodeIgniter\Boot::bootWeb(Object(Config\Paths))
CRITICAL - 2025-05-29 00:12:44 --> CodeIgniter\View\Exceptions\ViewException: Invalid file: "front/quines_somos.php"
[Method: GET, Route: quienes_somos]
in SYSTEMPATH\Exceptions\FrameworkException.php on line 39.
 1 SYSTEMPATH\View\View.php(212): CodeIgniter\Exceptions\FrameworkException::forInvalidFile('front/quines_somos.php')
 2 SYSTEMPATH\Common.php(1173): CodeIgniter\View\View->render('front/quines_somos', [], true)
 3 APPPATH\Controllers\Home.php(20): view('front/quines_somos')
 4 SYSTEMPATH\CodeIgniter.php(933): App\Controllers\Home->quienes_somos()
 5 SYSTEMPATH\CodeIgniter.php(507): CodeIgniter\CodeIgniter->runController(Object(App\Controllers\Home))
 6 SYSTEMPATH\CodeIgniter.php(354): CodeIgniter\CodeIgniter->handleRequest(null, Object(Config\Cache), false)
 7 SYSTEMPATH\Boot.php(334): CodeIgniter\CodeIgniter->run()
 8 SYSTEMPATH\Boot.php(67): CodeIgniter\Boot::runCodeIgniter(Object(CodeIgniter\CodeIgniter))
 9 FCPATH\index.php(59): CodeIgniter\Boot::bootWeb(Object(Config\Paths))
CRITICAL - 2025-05-29 00:13:17 --> CodeIgniter\View\Exceptions\ViewException: Invalid file: "front/quines_somos.php"
[Method: GET, Route: quienes_somos]
in SYSTEMPATH\Exceptions\FrameworkException.php on line 39.
 1 SYSTEMPATH\View\View.php(212): CodeIgniter\Exceptions\FrameworkException::forInvalidFile('front/quines_somos.php')
 2 SYSTEMPATH\Common.php(1173): CodeIgniter\View\View->render('front/quines_somos', [], true)
 3 APPPATH\Controllers\Home.php(20): view('front/quines_somos')
 4 SYSTEMPATH\CodeIgniter.php(933): App\Controllers\Home->quienes_somos()
 5 SYSTEMPATH\CodeIgniter.php(507): CodeIgniter\CodeIgniter->runController(Object(App\Controllers\Home))
 6 SYSTEMPATH\CodeIgniter.php(354): CodeIgniter\CodeIgniter->handleRequest(null, Object(Config\Cache), false)
 7 SYSTEMPATH\Boot.php(334): CodeIgniter\CodeIgniter->run()
 8 SYSTEMPATH\Boot.php(67): CodeIgniter\Boot::runCodeIgniter(Object(CodeIgniter\CodeIgniter))
 9 FCPATH\index.php(59): CodeIgniter\Boot::bootWeb(Object(Config\Paths))
CRITICAL - 2025-05-29 00:13:57 --> CodeIgniter\View\Exceptions\ViewException: Invalid file: "front/quines_somos.php"
[Method: GET, Route: quienes_somos]
in SYSTEMPATH\Exceptions\FrameworkException.php on line 39.
 1 SYSTEMPATH\View\View.php(212): CodeIgniter\Exceptions\FrameworkException::forInvalidFile('front/quines_somos.php')
 2 SYSTEMPATH\Common.php(1173): CodeIgniter\View\View->render('front/quines_somos', [], true)
 3 APPPATH\Controllers\Home.php(20): view('front/quines_somos')
 4 SYSTEMPATH\CodeIgniter.php(933): App\Controllers\Home->quienes_somos()
 5 SYSTEMPATH\CodeIgniter.php(507): CodeIgniter\CodeIgniter->runController(Object(App\Controllers\Home))
 6 SYSTEMPATH\CodeIgniter.php(354): CodeIgniter\CodeIgniter->handleRequest(null, Object(Config\Cache), false)
 7 SYSTEMPATH\Boot.php(334): CodeIgniter\CodeIgniter->run()
 8 SYSTEMPATH\Boot.php(67): CodeIgniter\Boot::runCodeIgniter(Object(CodeIgniter\CodeIgniter))
 9 FCPATH\index.php(59): CodeIgniter\Boot::bootWeb(Object(Config\Paths))
CRITICAL - 2025-05-29 00:14:01 --> CodeIgniter\View\Exceptions\ViewException: Invalid file: "front/quines_somos.php"
[Method: GET, Route: quienes_somos]
in SYSTEMPATH\Exceptions\FrameworkException.php on line 39.
 1 SYSTEMPATH\View\View.php(212): CodeIgniter\Exceptions\FrameworkException::forInvalidFile('front/quines_somos.php')
 2 SYSTEMPATH\Common.php(1173): CodeIgniter\View\View->render('front/quines_somos', [], true)
 3 APPPATH\Controllers\Home.php(20): view('front/quines_somos')
 4 SYSTEMPATH\CodeIgniter.php(933): App\Controllers\Home->quienes_somos()
 5 SYSTEMPATH\CodeIgniter.php(507): CodeIgniter\CodeIgniter->runController(Object(App\Controllers\Home))
 6 SYSTEMPATH\CodeIgniter.php(354): CodeIgniter\CodeIgniter->handleRequest(null, Object(Config\Cache), false)
 7 SYSTEMPATH\Boot.php(334): CodeIgniter\CodeIgniter->run()
 8 SYSTEMPATH\Boot.php(67): CodeIgniter\Boot::runCodeIgniter(Object(CodeIgniter\CodeIgniter))
 9 FCPATH\index.php(59): CodeIgniter\Boot::bootWeb(Object(Config\Paths))
CRITICAL - 2025-05-29 00:14:10 --> CodeIgniter\View\Exceptions\ViewException: Invalid file: "front/quines_somos.php"
[Method: GET, Route: quienes_somos]
in SYSTEMPATH\Exceptions\FrameworkException.php on line 39.
 1 SYSTEMPATH\View\View.php(212): CodeIgniter\Exceptions\FrameworkException::forInvalidFile('front/quines_somos.php')
 2 SYSTEMPATH\Common.php(1173): CodeIgniter\View\View->render('front/quines_somos', [], true)
 3 APPPATH\Controllers\Home.php(20): view('front/quines_somos')
 4 SYSTEMPATH\CodeIgniter.php(933): App\Controllers\Home->quienes_somos()
 5 SYSTEMPATH\CodeIgniter.php(507): CodeIgniter\CodeIgniter->runController(Object(App\Controllers\Home))
 6 SYSTEMPATH\CodeIgniter.php(354): CodeIgniter\CodeIgniter->handleRequest(null, Object(Config\Cache), false)
 7 SYSTEMPATH\Boot.php(334): CodeIgniter\CodeIgniter->run()
 8 SYSTEMPATH\Boot.php(67): CodeIgniter\Boot::runCodeIgniter(Object(CodeIgniter\CodeIgniter))
 9 FCPATH\index.php(59): CodeIgniter\Boot::bootWeb(Object(Config\Paths))
CRITICAL - 2025-05-29 00:16:14 --> CodeIgniter\View\Exceptions\ViewException: Invalid file: "front/quines_somos.php"
[Method: GET, Route: quienes_somos]
in SYSTEMPATH\Exceptions\FrameworkException.php on line 39.
 1 SYSTEMPATH\View\View.php(212): CodeIgniter\Exceptions\FrameworkException::forInvalidFile('front/quines_somos.php')
 2 SYSTEMPATH\Common.php(1173): CodeIgniter\View\View->render('front/quines_somos', [], true)
 3 APPPATH\Controllers\Home.php(20): view('front/quines_somos')
 4 SYSTEMPATH\CodeIgniter.php(933): App\Controllers\Home->quienes_somos()
 5 SYSTEMPATH\CodeIgniter.php(507): CodeIgniter\CodeIgniter->runController(Object(App\Controllers\Home))
 6 SYSTEMPATH\CodeIgniter.php(354): CodeIgniter\CodeIgniter->handleRequest(null, Object(Config\Cache), false)
 7 SYSTEMPATH\Boot.php(334): CodeIgniter\CodeIgniter->run()
 8 SYSTEMPATH\Boot.php(67): CodeIgniter\Boot::runCodeIgniter(Object(CodeIgniter\CodeIgniter))
 9 FCPATH\index.php(59): CodeIgniter\Boot::bootWeb(Object(Config\Paths))
CRITICAL - 2025-05-29 00:16:24 --> CodeIgniter\View\Exceptions\ViewException: Invalid file: "front/quines_somos.php"
[Method: GET, Route: quienes_somos]
in SYSTEMPATH\Exceptions\FrameworkException.php on line 39.
 1 SYSTEMPATH\View\View.php(212): CodeIgniter\Exceptions\FrameworkException::forInvalidFile('front/quines_somos.php')
 2 SYSTEMPATH\Common.php(1173): CodeIgniter\View\View->render('front/quines_somos', [], true)
 3 APPPATH\Controllers\Home.php(20): view('front/quines_somos')
 4 SYSTEMPATH\CodeIgniter.php(933): App\Controllers\Home->quienes_somos()
 5 SYSTEMPATH\CodeIgniter.php(507): CodeIgniter\CodeIgniter->runController(Object(App\Controllers\Home))
 6 SYSTEMPATH\CodeIgniter.php(354): CodeIgniter\CodeIgniter->handleRequest(null, Object(Config\Cache), false)
 7 SYSTEMPATH\Boot.php(334): CodeIgniter\CodeIgniter->run()
 8 SYSTEMPATH\Boot.php(67): CodeIgniter\Boot::runCodeIgniter(Object(CodeIgniter\CodeIgniter))
 9 FCPATH\index.php(59): CodeIgniter\Boot::bootWeb(Object(Config\Paths))
CRITICAL - 2025-05-29 00:17:05 --> CodeIgniter\View\Exceptions\ViewException: Invalid file: "front/quines_somos.php"
[Method: GET, Route: quienes_somos]
in SYSTEMPATH\Exceptions\FrameworkException.php on line 39.
 1 SYSTEMPATH\View\View.php(212): CodeIgniter\Exceptions\FrameworkException::forInvalidFile('front/quines_somos.php')
 2 SYSTEMPATH\Common.php(1173): CodeIgniter\View\View->render('front/quines_somos', [], true)
 3 APPPATH\Controllers\Home.php(20): view('front/quines_somos')
 4 SYSTEMPATH\CodeIgniter.php(933): App\Controllers\Home->quienes_somos()
 5 SYSTEMPATH\CodeIgniter.php(507): CodeIgniter\CodeIgniter->runController(Object(App\Controllers\Home))
 6 SYSTEMPATH\CodeIgniter.php(354): CodeIgniter\CodeIgniter->handleRequest(null, Object(Config\Cache), false)
 7 SYSTEMPATH\Boot.php(334): CodeIgniter\CodeIgniter->run()
 8 SYSTEMPATH\Boot.php(67): CodeIgniter\Boot::runCodeIgniter(Object(CodeIgniter\CodeIgniter))
 9 FCPATH\index.php(59): CodeIgniter\Boot::bootWeb(Object(Config\Paths))
CRITICAL - 2025-05-29 00:17:09 --> CodeIgniter\View\Exceptions\ViewException: Invalid file: "front/quines_somos.php"
[Method: GET, Route: quienes_somos]
in SYSTEMPATH\Exceptions\FrameworkException.php on line 39.
 1 SYSTEMPATH\View\View.php(212): CodeIgniter\Exceptions\FrameworkException::forInvalidFile('front/quines_somos.php')
 2 SYSTEMPATH\Common.php(1173): CodeIgniter\View\View->render('front/quines_somos', [], true)
 3 APPPATH\Controllers\Home.php(20): view('front/quines_somos')
 4 SYSTEMPATH\CodeIgniter.php(933): App\Controllers\Home->quienes_somos()
 5 SYSTEMPATH\CodeIgniter.php(507): CodeIgniter\CodeIgniter->runController(Object(App\Controllers\Home))
 6 SYSTEMPATH\CodeIgniter.php(354): CodeIgniter\CodeIgniter->handleRequest(null, Object(Config\Cache), false)
 7 SYSTEMPATH\Boot.php(334): CodeIgniter\CodeIgniter->run()
 8 SYSTEMPATH\Boot.php(67): CodeIgniter\Boot::runCodeIgniter(Object(CodeIgniter\CodeIgniter))
 9 FCPATH\index.php(59): CodeIgniter\Boot::bootWeb(Object(Config\Paths))
CRITICAL - 2025-05-29 00:18:23 --> CodeIgniter\View\Exceptions\ViewException: Invalid file: "front/quines_somos.php"
[Method: GET, Route: quienes_somos]
in SYSTEMPATH\Exceptions\FrameworkException.php on line 39.
 1 SYSTEMPATH\View\View.php(212): CodeIgniter\Exceptions\FrameworkException::forInvalidFile('front/quines_somos.php')
 2 SYSTEMPATH\Common.php(1173): CodeIgniter\View\View->render('front/quines_somos', [], true)
 3 APPPATH\Controllers\Home.php(20): view('front/quines_somos')
 4 SYSTEMPATH\CodeIgniter.php(933): App\Controllers\Home->quienes_somos()
 5 SYSTEMPATH\CodeIgniter.php(507): CodeIgniter\CodeIgniter->runController(Object(App\Controllers\Home))
 6 SYSTEMPATH\CodeIgniter.php(354): CodeIgniter\CodeIgniter->handleRequest(null, Object(Config\Cache), false)
 7 SYSTEMPATH\Boot.php(334): CodeIgniter\CodeIgniter->run()
 8 SYSTEMPATH\Boot.php(67): CodeIgniter\Boot::runCodeIgniter(Object(CodeIgniter\CodeIgniter))
 9 FCPATH\index.php(59): CodeIgniter\Boot::bootWeb(Object(Config\Paths))
CRITICAL - 2025-05-29 00:19:39 --> CodeIgniter\View\Exceptions\ViewException: Invalid file: "front/quines_somos.php"
[Method: GET, Route: quienes_somos]
in SYSTEMPATH\Exceptions\FrameworkException.php on line 39.
 1 SYSTEMPATH\View\View.php(212): CodeIgniter\Exceptions\FrameworkException::forInvalidFile('front/quines_somos.php')
 2 SYSTEMPATH\Common.php(1173): CodeIgniter\View\View->render('front/quines_somos', [], true)
 3 APPPATH\Controllers\Home.php(20): view('front/quines_somos')
 4 SYSTEMPATH\CodeIgniter.php(933): App\Controllers\Home->quienes_somos()
 5 SYSTEMPATH\CodeIgniter.php(507): CodeIgniter\CodeIgniter->runController(Object(App\Controllers\Home))
 6 SYSTEMPATH\CodeIgniter.php(354): CodeIgniter\CodeIgniter->handleRequest(null, Object(Config\Cache), false)
 7 SYSTEMPATH\Boot.php(334): CodeIgniter\CodeIgniter->run()
 8 SYSTEMPATH\Boot.php(67): CodeIgniter\Boot::runCodeIgniter(Object(CodeIgniter\CodeIgniter))
 9 FCPATH\index.php(59): CodeIgniter\Boot::bootWeb(Object(Config\Paths))
CRITICAL - 2025-05-29 00:20:22 --> CodeIgniter\View\Exceptions\ViewException: Invalid file: "front/quines_somos.php"
[Method: GET, Route: quienes_somos]
in SYSTEMPATH\Exceptions\FrameworkException.php on line 39.
 1 SYSTEMPATH\View\View.php(212): CodeIgniter\Exceptions\FrameworkException::forInvalidFile('front/quines_somos.php')
 2 SYSTEMPATH\Common.php(1173): CodeIgniter\View\View->render('front/quines_somos', [], true)
 3 APPPATH\Controllers\Home.php(20): view('front/quines_somos')
 4 SYSTEMPATH\CodeIgniter.php(933): App\Controllers\Home->quienes_somos()
 5 SYSTEMPATH\CodeIgniter.php(507): CodeIgniter\CodeIgniter->runController(Object(App\Controllers\Home))
 6 SYSTEMPATH\CodeIgniter.php(354): CodeIgniter\CodeIgniter->handleRequest(null, Object(Config\Cache), false)
 7 SYSTEMPATH\Boot.php(334): CodeIgniter\CodeIgniter->run()
 8 SYSTEMPATH\Boot.php(67): CodeIgniter\Boot::runCodeIgniter(Object(CodeIgniter\CodeIgniter))
 9 FCPATH\index.php(59): CodeIgniter\Boot::bootWeb(Object(Config\Paths))
